2022-07-24T19:42:52+00:00 INFO  VT PearDatabase ->ADODB disconnect
2022-07-24T19:42:53+00:00 DEBUG user Entering Users() method ...
2022-07-24T19:42:53+00:00 DEBUG VT Entering getColumnFields(Users) method ...
2022-07-24T19:42:53+00:00 DEBUG VT in getColumnFields Users
2022-07-24T19:42:53+00:00 DEBUG VT Prepared sql query being executed : SELECT tabid, name, ownedby FROM vtiger_tab
2022-07-24T19:42:53+00:00 DEBUG VT Prepared sql query being executed : SELECT tabid, fieldname, fieldid, fieldlabel, columnname, tablename, uitype, typeofdata, presence
		FROM vtiger_field WHERE tabid in (?)
2022-07-24T19:42:53+00:00 DEBUG VT Prepared sql query parameters : [29]
2022-07-24T19:42:53+00:00 DEBUG VT Exiting getColumnFields method ...
2022-07-24T19:42:53+00:00 DEBUG user Exiting Users() method ...
2022-07-24T19:42:53+00:00 DEBUG VT Entering getColumnFields(Users) method ...
2022-07-24T19:42:53+00:00 DEBUG VT in getColumnFields Users
2022-07-24T19:42:53+00:00 DEBUG VT Exiting getColumnFields method ...
2022-07-24T19:42:53+00:00 DEBUG VT Prepared sql query being executed : SELECT * FROM vtiger_tab
2022-07-24T19:42:53+00:00 DEBUG VT Prepared sql query being executed : SELECT fieldname,modulename,tablename,entityidfield,entityidcolumn from vtiger_entityname
2022-07-24T19:42:53+00:00 DEBUG VT Entering isPermitted(Calendar,DetailView,) method ...
2022-07-24T19:42:53+00:00 DEBUG VT Entering getActionid(DetailView) method ...
2022-07-24T19:42:53+00:00 INFO  VT get Actionid DetailView
2022-07-24T19:42:53+00:00 INFO  VT action id selected is 4
2022-07-24T19:42:53+00:00 DEBUG VT Exiting getActionid method ...
2022-07-24T19:42:53+00:00 DEBUG VT Exiting isPermitted method ...
2022-07-24T19:42:53+00:00 DEBUG VT Prepared sql query being executed : SELECT reminderid, recordid FROM vtiger_activity_reminder_popup
								INNER JOIN vtiger_activity on vtiger_activity.activityid = vtiger_activity_reminder_popup.recordid
								INNER JOIN vtiger_crmentity ON vtiger_activity_reminder_popup.recordid = vtiger_crmentity.crmid
								WHERE vtiger_activity_reminder_popup.status = 0
								AND vtiger_crmentity.smownerid = ? AND vtiger_crmentity.deleted = 0
								AND ((DATE_FORMAT(vtiger_activity_reminder_popup.date_start,'%Y-%m-%d') <= ?)
								AND (TIME_FORMAT(vtiger_activity_reminder_popup.time_start,'%H:%i') <= ?))
								AND vtiger_activity.eventstatus <> 'Held' AND (vtiger_activity.status <> 'Completed' OR vtiger_activity.status IS NULL) LIMIT 20
2022-07-24T19:42:53+00:00 DEBUG VT Prepared sql query parameters : [1,2022-07-24,19:43]
2022-07-24T19:43:52+00:00 INFO  VT PearDatabase ->ADODB disconnect
2022-07-24T19:43:53+00:00 DEBUG user Entering Users() method ...
2022-07-24T19:43:53+00:00 DEBUG VT Entering getColumnFields(Users) method ...
2022-07-24T19:43:53+00:00 DEBUG VT in getColumnFields Users
2022-07-24T19:43:53+00:00 DEBUG VT Prepared sql query being executed : SELECT tabid, name, ownedby FROM vtiger_tab
2022-07-24T19:43:53+00:00 DEBUG VT Prepared sql query being executed : SELECT tabid, fieldname, fieldid, fieldlabel, columnname, tablename, uitype, typeofdata, presence
		FROM vtiger_field WHERE tabid in (?)
2022-07-24T19:43:53+00:00 DEBUG VT Prepared sql query parameters : [29]
2022-07-24T19:43:53+00:00 DEBUG VT Exiting getColumnFields method ...
2022-07-24T19:43:53+00:00 DEBUG user Exiting Users() method ...
2022-07-24T19:43:53+00:00 DEBUG VT Entering getColumnFields(Users) method ...
2022-07-24T19:43:53+00:00 DEBUG VT in getColumnFields Users
2022-07-24T19:43:53+00:00 DEBUG VT Exiting getColumnFields method ...
2022-07-24T19:43:53+00:00 DEBUG VT Prepared sql query being executed : SELECT * FROM vtiger_tab
2022-07-24T19:43:53+00:00 DEBUG VT Prepared sql query being executed : SELECT fieldname,modulename,tablename,entityidfield,entityidcolumn from vtiger_entityname
2022-07-24T19:43:53+00:00 DEBUG VT Entering isPermitted(Calendar,DetailView,) method ...
2022-07-24T19:43:53+00:00 DEBUG VT Entering getActionid(DetailView) method ...
2022-07-24T19:43:53+00:00 INFO  VT get Actionid DetailView
2022-07-24T19:43:53+00:00 INFO  VT action id selected is 4
2022-07-24T19:43:53+00:00 DEBUG VT Exiting getActionid method ...
2022-07-24T19:43:53+00:00 DEBUG VT Exiting isPermitted method ...
2022-07-24T19:43:53+00:00 DEBUG VT Prepared sql query being executed : SELECT reminderid, recordid FROM vtiger_activity_reminder_popup
								INNER JOIN vtiger_activity on vtiger_activity.activityid = vtiger_activity_reminder_popup.recordid
								INNER JOIN vtiger_crmentity ON vtiger_activity_reminder_popup.recordid = vtiger_crmentity.crmid
								WHERE vtiger_activity_reminder_popup.status = 0
								AND vtiger_crmentity.smownerid = ? AND vtiger_crmentity.deleted = 0
								AND ((DATE_FORMAT(vtiger_activity_reminder_popup.date_start,'%Y-%m-%d') <= ?)
								AND (TIME_FORMAT(vtiger_activity_reminder_popup.time_start,'%H:%i') <= ?))
								AND vtiger_activity.eventstatus <> 'Held' AND (vtiger_activity.status <> 'Completed' OR vtiger_activity.status IS NULL) LIMIT 20
2022-07-24T19:43:53+00:00 DEBUG VT Prepared sql query parameters : [1,2022-07-24,19:44]
2022-07-24T19:44:52+00:00 INFO  VT PearDatabase ->ADODB disconnect
2022-07-24T19:44:53+00:00 DEBUG user Entering Users() method ...
2022-07-24T19:44:53+00:00 DEBUG VT Entering getColumnFields(Users) method ...
2022-07-24T19:44:53+00:00 DEBUG VT in getColumnFields Users
2022-07-24T19:44:53+00:00 DEBUG VT Prepared sql query being executed : SELECT tabid, name, ownedby FROM vtiger_tab
2022-07-24T19:44:53+00:00 DEBUG VT Prepared sql query being executed : SELECT tabid, fieldname, fieldid, fieldlabel, columnname, tablename, uitype, typeofdata, presence
		FROM vtiger_field WHERE tabid in (?)
2022-07-24T19:44:53+00:00 DEBUG VT Prepared sql query parameters : [29]
2022-07-24T19:44:53+00:00 DEBUG VT Exiting getColumnFields method ...
2022-07-24T19:44:53+00:00 DEBUG user Exiting Users() method ...
2022-07-24T19:44:53+00:00 DEBUG VT Entering getColumnFields(Users) method ...
2022-07-24T19:44:53+00:00 DEBUG VT in getColumnFields Users
2022-07-24T19:44:53+00:00 DEBUG VT Exiting getColumnFields method ...
2022-07-24T19:44:53+00:00 DEBUG VT Prepared sql query being executed : SELECT * FROM vtiger_tab
2022-07-24T19:44:53+00:00 DEBUG VT Prepared sql query being executed : SELECT fieldname,modulename,tablename,entityidfield,entityidcolumn from vtiger_entityname
2022-07-24T19:44:53+00:00 DEBUG VT Entering isPermitted(Calendar,DetailView,) method ...
2022-07-24T19:44:53+00:00 DEBUG VT Entering getActionid(DetailView) method ...
2022-07-24T19:44:53+00:00 INFO  VT get Actionid DetailView
2022-07-24T19:44:53+00:00 INFO  VT action id selected is 4
2022-07-24T19:44:53+00:00 DEBUG VT Exiting getActionid method ...
2022-07-24T19:44:53+00:00 DEBUG VT Exiting isPermitted method ...
2022-07-24T19:44:53+00:00 DEBUG VT Prepared sql query being executed : SELECT reminderid, recordid FROM vtiger_activity_reminder_popup
								INNER JOIN vtiger_activity on vtiger_activity.activityid = vtiger_activity_reminder_popup.recordid
								INNER JOIN vtiger_crmentity ON vtiger_activity_reminder_popup.recordid = vtiger_crmentity.crmid
								WHERE vtiger_activity_reminder_popup.status = 0
								AND vtiger_crmentity.smownerid = ? AND vtiger_crmentity.deleted = 0
								AND ((DATE_FORMAT(vtiger_activity_reminder_popup.date_start,'%Y-%m-%d') <= ?)
								AND (TIME_FORMAT(vtiger_activity_reminder_popup.time_start,'%H:%i') <= ?))
								AND vtiger_activity.eventstatus <> 'Held' AND (vtiger_activity.status <> 'Completed' OR vtiger_activity.status IS NULL) LIMIT 20
2022-07-24T19:44:53+00:00 DEBUG VT Prepared sql query parameters : [1,2022-07-24,19:45]
2022-07-24T19:46:13+00:00 INFO  VT PearDatabase ->ADODB disconnect
2022-07-24T19:46:14+00:00 DEBUG user Entering Users() method ...
2022-07-24T19:46:14+00:00 DEBUG VT Entering getColumnFields(Users) method ...
2022-07-24T19:46:14+00:00 DEBUG VT in getColumnFields Users
2022-07-24T19:46:14+00:00 DEBUG VT Prepared sql query being executed : SELECT tabid, name, ownedby FROM vtiger_tab
2022-07-24T19:46:14+00:00 DEBUG VT Prepared sql query being executed : SELECT tabid, fieldname, fieldid, fieldlabel, columnname, tablename, uitype, typeofdata, presence
		FROM vtiger_field WHERE tabid in (?)
2022-07-24T19:46:14+00:00 DEBUG VT Prepared sql query parameters : [29]
2022-07-24T19:46:14+00:00 DEBUG VT Exiting getColumnFields method ...
2022-07-24T19:46:14+00:00 DEBUG user Exiting Users() method ...
2022-07-24T19:46:14+00:00 DEBUG VT Entering getColumnFields(Users) method ...
2022-07-24T19:46:14+00:00 DEBUG VT in getColumnFields Users
2022-07-24T19:46:14+00:00 DEBUG VT Exiting getColumnFields method ...
2022-07-24T19:46:14+00:00 DEBUG VT Prepared sql query being executed : SELECT * FROM vtiger_tab
2022-07-24T19:46:14+00:00 DEBUG VT Prepared sql query being executed : SELECT fieldname,modulename,tablename,entityidfield,entityidcolumn from vtiger_entityname
2022-07-24T19:46:14+00:00 DEBUG VT Entering isPermitted(Calendar,DetailView,) method ...
2022-07-24T19:46:14+00:00 DEBUG VT Entering getActionid(DetailView) method ...
2022-07-24T19:46:14+00:00 INFO  VT get Actionid DetailView
2022-07-24T19:46:14+00:00 INFO  VT action id selected is 4
2022-07-24T19:46:14+00:00 DEBUG VT Exiting getActionid method ...
2022-07-24T19:46:14+00:00 DEBUG VT Exiting isPermitted method ...
2022-07-24T19:46:14+00:00 DEBUG VT Prepared sql query being executed : SELECT reminderid, recordid FROM vtiger_activity_reminder_popup
								INNER JOIN vtiger_activity on vtiger_activity.activityid = vtiger_activity_reminder_popup.recordid
								INNER JOIN vtiger_crmentity ON vtiger_activity_reminder_popup.recordid = vtiger_crmentity.crmid
								WHERE vtiger_activity_reminder_popup.status = 0
								AND vtiger_crmentity.smownerid = ? AND vtiger_crmentity.deleted = 0
								AND ((DATE_FORMAT(vtiger_activity_reminder_popup.date_start,'%Y-%m-%d') <= ?)
								AND (TIME_FORMAT(vtiger_activity_reminder_popup.time_start,'%H:%i') <= ?))
								AND vtiger_activity.eventstatus <> 'Held' AND (vtiger_activity.status <> 'Completed' OR vtiger_activity.status IS NULL) LIMIT 20
2022-07-24T19:46:14+00:00 DEBUG VT Prepared sql query parameters : [1,2022-07-24,19:47]
2022-07-24T19:48:13+00:00 INFO  VT PearDatabase ->ADODB disconnect
2022-07-24T19:48:14+00:00 DEBUG user Entering Users() method ...
2022-07-24T19:48:14+00:00 DEBUG VT Entering getColumnFields(Users) method ...
2022-07-24T19:48:14+00:00 DEBUG VT in getColumnFields Users
2022-07-24T19:48:14+00:00 DEBUG VT Prepared sql query being executed : SELECT tabid, name, ownedby FROM vtiger_tab
2022-07-24T19:48:14+00:00 DEBUG VT Prepared sql query being executed : SELECT tabid, fieldname, fieldid, fieldlabel, columnname, tablename, uitype, typeofdata, presence
		FROM vtiger_field WHERE tabid in (?)
2022-07-24T19:48:14+00:00 DEBUG VT Prepared sql query parameters : [29]
2022-07-24T19:48:14+00:00 DEBUG VT Exiting getColumnFields method ...
2022-07-24T19:48:14+00:00 DEBUG user Exiting Users() method ...
2022-07-24T19:48:14+00:00 DEBUG VT Entering getColumnFields(Users) method ...
2022-07-24T19:48:14+00:00 DEBUG VT in getColumnFields Users
2022-07-24T19:48:14+00:00 DEBUG VT Exiting getColumnFields method ...
2022-07-24T19:48:14+00:00 DEBUG VT Prepared sql query being executed : SELECT * FROM vtiger_tab
2022-07-24T19:48:14+00:00 DEBUG VT Prepared sql query being executed : SELECT fieldname,modulename,tablename,entityidfield,entityidcolumn from vtiger_entityname
2022-07-24T19:48:14+00:00 DEBUG VT Entering isPermitted(Calendar,DetailView,) method ...
2022-07-24T19:48:14+00:00 DEBUG VT Entering getActionid(DetailView) method ...
2022-07-24T19:48:14+00:00 INFO  VT get Actionid DetailView
2022-07-24T19:48:14+00:00 INFO  VT action id selected is 4
2022-07-24T19:48:14+00:00 DEBUG VT Exiting getActionid method ...
2022-07-24T19:48:14+00:00 DEBUG VT Exiting isPermitted method ...
2022-07-24T19:48:14+00:00 DEBUG VT Prepared sql query being executed : SELECT reminderid, recordid FROM vtiger_activity_reminder_popup
								INNER JOIN vtiger_activity on vtiger_activity.activityid = vtiger_activity_reminder_popup.recordid
								INNER JOIN vtiger_crmentity ON vtiger_activity_reminder_popup.recordid = vtiger_crmentity.crmid
								WHERE vtiger_activity_reminder_popup.status = 0
								AND vtiger_crmentity.smownerid = ? AND vtiger_crmentity.deleted = 0
								AND ((DATE_FORMAT(vtiger_activity_reminder_popup.date_start,'%Y-%m-%d') <= ?)
								AND (TIME_FORMAT(vtiger_activity_reminder_popup.time_start,'%H:%i') <= ?))
								AND vtiger_activity.eventstatus <> 'Held' AND (vtiger_activity.status <> 'Completed' OR vtiger_activity.status IS NULL) LIMIT 20
2022-07-24T19:48:14+00:00 DEBUG VT Prepared sql query parameters : [1,2022-07-24,19:49]
2022-07-24T19:49:13+00:00 INFO  VT PearDatabase ->ADODB disconnect
2022-07-24T19:49:14+00:00 DEBUG user Entering Users() method ...
2022-07-24T19:49:14+00:00 DEBUG VT Entering getColumnFields(Users) method ...
2022-07-24T19:49:14+00:00 DEBUG VT in getColumnFields Users
2022-07-24T19:49:14+00:00 DEBUG VT Prepared sql query being executed : SELECT tabid, name, ownedby FROM vtiger_tab
2022-07-24T19:49:14+00:00 DEBUG VT Prepared sql query being executed : SELECT tabid, fieldname, fieldid, fieldlabel, columnname, tablename, uitype, typeofdata, presence
		FROM vtiger_field WHERE tabid in (?)
2022-07-24T19:49:14+00:00 DEBUG VT Prepared sql query parameters : [29]
2022-07-24T19:49:14+00:00 DEBUG VT Exiting getColumnFields method ...
2022-07-24T19:49:14+00:00 DEBUG user Exiting Users() method ...
2022-07-24T19:49:14+00:00 DEBUG VT Entering getColumnFields(Users) method ...
2022-07-24T19:49:14+00:00 DEBUG VT in getColumnFields Users
2022-07-24T19:49:14+00:00 DEBUG VT Exiting getColumnFields method ...
2022-07-24T19:49:14+00:00 DEBUG VT Prepared sql query being executed : SELECT * FROM vtiger_tab
2022-07-24T19:49:14+00:00 DEBUG VT Prepared sql query being executed : SELECT fieldname,modulename,tablename,entityidfield,entityidcolumn from vtiger_entityname
2022-07-24T19:49:14+00:00 DEBUG VT Entering isPermitted(Calendar,DetailView,) method ...
2022-07-24T19:49:14+00:00 DEBUG VT Entering getActionid(DetailView) method ...
2022-07-24T19:49:14+00:00 INFO  VT get Actionid DetailView
2022-07-24T19:49:14+00:00 INFO  VT action id selected is 4
2022-07-24T19:49:14+00:00 DEBUG VT Exiting getActionid method ...
2022-07-24T19:49:14+00:00 DEBUG VT Exiting isPermitted method ...
2022-07-24T19:49:14+00:00 DEBUG VT Prepared sql query being executed : SELECT reminderid, recordid FROM vtiger_activity_reminder_popup
								INNER JOIN vtiger_activity on vtiger_activity.activityid = vtiger_activity_reminder_popup.recordid
								INNER JOIN vtiger_crmentity ON vtiger_activity_reminder_popup.recordid = vtiger_crmentity.crmid
								WHERE vtiger_activity_reminder_popup.status = 0
								AND vtiger_crmentity.smownerid = ? AND vtiger_crmentity.deleted = 0
								AND ((DATE_FORMAT(vtiger_activity_reminder_popup.date_start,'%Y-%m-%d') <= ?)
								AND (TIME_FORMAT(vtiger_activity_reminder_popup.time_start,'%H:%i') <= ?))
								AND vtiger_activity.eventstatus <> 'Held' AND (vtiger_activity.status <> 'Completed' OR vtiger_activity.status IS NULL) LIMIT 20
2022-07-24T19:49:14+00:00 DEBUG VT Prepared sql query parameters : [1,2022-07-24,19:50]
2022-07-24T19:51:13+00:00 INFO  VT PearDatabase ->ADODB disconnect
2022-07-24T19:51:14+00:00 DEBUG user Entering Users() method ...
2022-07-24T19:51:14+00:00 DEBUG VT Entering getColumnFields(Users) method ...
2022-07-24T19:51:14+00:00 DEBUG VT in getColumnFields Users
2022-07-24T19:51:14+00:00 DEBUG VT Prepared sql query being executed : SELECT tabid, name, ownedby FROM vtiger_tab
2022-07-24T19:51:14+00:00 DEBUG VT Prepared sql query being executed : SELECT tabid, fieldname, fieldid, fieldlabel, columnname, tablename, uitype, typeofdata, presence
		FROM vtiger_field WHERE tabid in (?)
2022-07-24T19:51:14+00:00 DEBUG VT Prepared sql query parameters : [29]
2022-07-24T19:51:14+00:00 DEBUG VT Exiting getColumnFields method ...
2022-07-24T19:51:14+00:00 DEBUG user Exiting Users() method ...
2022-07-24T19:51:14+00:00 DEBUG VT Entering getColumnFields(Users) method ...
2022-07-24T19:51:14+00:00 DEBUG VT in getColumnFields Users
2022-07-24T19:51:14+00:00 DEBUG VT Exiting getColumnFields method ...
2022-07-24T19:51:14+00:00 DEBUG VT Prepared sql query being executed : SELECT * FROM vtiger_tab
2022-07-24T19:51:14+00:00 DEBUG VT Prepared sql query being executed : SELECT fieldname,modulename,tablename,entityidfield,entityidcolumn from vtiger_entityname
2022-07-24T19:51:14+00:00 DEBUG VT Entering isPermitted(Calendar,DetailView,) method ...
2022-07-24T19:51:14+00:00 DEBUG VT Entering getActionid(DetailView) method ...
2022-07-24T19:51:14+00:00 INFO  VT get Actionid DetailView
2022-07-24T19:51:14+00:00 INFO  VT action id selected is 4
2022-07-24T19:51:14+00:00 DEBUG VT Exiting getActionid method ...
2022-07-24T19:51:14+00:00 DEBUG VT Exiting isPermitted method ...
2022-07-24T19:51:14+00:00 DEBUG VT Prepared sql query being executed : SELECT reminderid, recordid FROM vtiger_activity_reminder_popup
								INNER JOIN vtiger_activity on vtiger_activity.activityid = vtiger_activity_reminder_popup.recordid
								INNER JOIN vtiger_crmentity ON vtiger_activity_reminder_popup.recordid = vtiger_crmentity.crmid
								WHERE vtiger_activity_reminder_popup.status = 0
								AND vtiger_crmentity.smownerid = ? AND vtiger_crmentity.deleted = 0
								AND ((DATE_FORMAT(vtiger_activity_reminder_popup.date_start,'%Y-%m-%d') <= ?)
								AND (TIME_FORMAT(vtiger_activity_reminder_popup.time_start,'%H:%i') <= ?))
								AND vtiger_activity.eventstatus <> 'Held' AND (vtiger_activity.status <> 'Completed' OR vtiger_activity.status IS NULL) LIMIT 20
2022-07-24T19:51:14+00:00 DEBUG VT Prepared sql query parameters : [1,2022-07-24,19:52]
2022-07-24T19:52:13+00:00 INFO  VT PearDatabase ->ADODB disconnect
2022-07-24T19:52:14+00:00 DEBUG user Entering Users() method ...
2022-07-24T19:52:14+00:00 DEBUG VT Entering getColumnFields(Users) method ...
2022-07-24T19:52:14+00:00 DEBUG VT in getColumnFields Users
2022-07-24T19:52:14+00:00 DEBUG VT Prepared sql query being executed : SELECT tabid, name, ownedby FROM vtiger_tab
2022-07-24T19:52:14+00:00 DEBUG VT Prepared sql query being executed : SELECT tabid, fieldname, fieldid, fieldlabel, columnname, tablename, uitype, typeofdata, presence
		FROM vtiger_field WHERE tabid in (?)
2022-07-24T19:52:14+00:00 DEBUG VT Prepared sql query parameters : [29]
2022-07-24T19:52:14+00:00 DEBUG VT Exiting getColumnFields method ...
2022-07-24T19:52:14+00:00 DEBUG user Exiting Users() method ...
2022-07-24T19:52:14+00:00 DEBUG VT Entering getColumnFields(Users) method ...
2022-07-24T19:52:14+00:00 DEBUG VT in getColumnFields Users
2022-07-24T19:52:14+00:00 DEBUG VT Exiting getColumnFields method ...
2022-07-24T19:52:14+00:00 DEBUG VT Prepared sql query being executed : SELECT * FROM vtiger_tab
2022-07-24T19:52:14+00:00 DEBUG VT Prepared sql query being executed : SELECT fieldname,modulename,tablename,entityidfield,entityidcolumn from vtiger_entityname
2022-07-24T19:52:14+00:00 DEBUG VT Entering isPermitted(Calendar,DetailView,) method ...
2022-07-24T19:52:14+00:00 DEBUG VT Entering getActionid(DetailView) method ...
2022-07-24T19:52:14+00:00 INFO  VT get Actionid DetailView
2022-07-24T19:52:14+00:00 INFO  VT action id selected is 4
2022-07-24T19:52:14+00:00 DEBUG VT Exiting getActionid method ...
2022-07-24T19:52:14+00:00 DEBUG VT Exiting isPermitted method ...
2022-07-24T19:52:14+00:00 DEBUG VT Prepared sql query being executed : SELECT reminderid, recordid FROM vtiger_activity_reminder_popup
								INNER JOIN vtiger_activity on vtiger_activity.activityid = vtiger_activity_reminder_popup.recordid
								INNER JOIN vtiger_crmentity ON vtiger_activity_reminder_popup.recordid = vtiger_crmentity.crmid
								WHERE vtiger_activity_reminder_popup.status = 0
								AND vtiger_crmentity.smownerid = ? AND vtiger_crmentity.deleted = 0
								AND ((DATE_FORMAT(vtiger_activity_reminder_popup.date_start,'%Y-%m-%d') <= ?)
								AND (TIME_FORMAT(vtiger_activity_reminder_popup.time_start,'%H:%i') <= ?))
								AND vtiger_activity.eventstatus <> 'Held' AND (vtiger_activity.status <> 'Completed' OR vtiger_activity.status IS NULL) LIMIT 20
2022-07-24T19:52:14+00:00 DEBUG VT Prepared sql query parameters : [1,2022-07-24,19:53]
2022-07-24T19:53:13+00:00 INFO  VT PearDatabase ->ADODB disconnect
2022-07-24T19:53:14+00:00 DEBUG user Entering Users() method ...
2022-07-24T19:53:14+00:00 DEBUG VT Entering getColumnFields(Users) method ...
2022-07-24T19:53:14+00:00 DEBUG VT in getColumnFields Users
2022-07-24T19:53:14+00:00 DEBUG VT Prepared sql query being executed : SELECT tabid, name, ownedby FROM vtiger_tab
2022-07-24T19:53:14+00:00 DEBUG VT Prepared sql query being executed : SELECT tabid, fieldname, fieldid, fieldlabel, columnname, tablename, uitype, typeofdata, presence
		FROM vtiger_field WHERE tabid in (?)
2022-07-24T19:53:14+00:00 DEBUG VT Prepared sql query parameters : [29]
2022-07-24T19:53:14+00:00 DEBUG VT Exiting getColumnFields method ...
2022-07-24T19:53:14+00:00 DEBUG user Exiting Users() method ...
2022-07-24T19:53:14+00:00 DEBUG VT Entering getColumnFields(Users) method ...
2022-07-24T19:53:14+00:00 DEBUG VT in getColumnFields Users
2022-07-24T19:53:14+00:00 DEBUG VT Exiting getColumnFields method ...
2022-07-24T19:53:14+00:00 DEBUG VT Prepared sql query being executed : SELECT * FROM vtiger_tab
2022-07-24T19:53:14+00:00 DEBUG VT Prepared sql query being executed : SELECT fieldname,modulename,tablename,entityidfield,entityidcolumn from vtiger_entityname
2022-07-24T19:53:14+00:00 DEBUG VT Entering isPermitted(Calendar,DetailView,) method ...
2022-07-24T19:53:14+00:00 DEBUG VT Entering getActionid(DetailView) method ...
2022-07-24T19:53:14+00:00 INFO  VT get Actionid DetailView
2022-07-24T19:53:14+00:00 INFO  VT action id selected is 4
2022-07-24T19:53:14+00:00 DEBUG VT Exiting getActionid method ...
2022-07-24T19:53:14+00:00 DEBUG VT Exiting isPermitted method ...
2022-07-24T19:53:14+00:00 DEBUG VT Prepared sql query being executed : SELECT reminderid, recordid FROM vtiger_activity_reminder_popup
								INNER JOIN vtiger_activity on vtiger_activity.activityid = vtiger_activity_reminder_popup.recordid
								INNER JOIN vtiger_crmentity ON vtiger_activity_reminder_popup.recordid = vtiger_crmentity.crmid
								WHERE vtiger_activity_reminder_popup.status = 0
								AND vtiger_crmentity.smownerid = ? AND vtiger_crmentity.deleted = 0
								AND ((DATE_FORMAT(vtiger_activity_reminder_popup.date_start,'%Y-%m-%d') <= ?)
								AND (TIME_FORMAT(vtiger_activity_reminder_popup.time_start,'%H:%i') <= ?))
								AND vtiger_activity.eventstatus <> 'Held' AND (vtiger_activity.status <> 'Completed' OR vtiger_activity.status IS NULL) LIMIT 20
2022-07-24T19:53:14+00:00 DEBUG VT Prepared sql query parameters : [1,2022-07-24,19:54]
2022-07-24T19:54:14+00:00 INFO  VT PearDatabase ->ADODB disconnect
2022-07-24T19:54:15+00:00 DEBUG user Entering Users() method ...
2022-07-24T19:54:15+00:00 DEBUG VT Entering getColumnFields(Users) method ...
2022-07-24T19:54:15+00:00 DEBUG VT in getColumnFields Users
2022-07-24T19:54:15+00:00 DEBUG VT Prepared sql query being executed : SELECT tabid, name, ownedby FROM vtiger_tab
2022-07-24T19:54:15+00:00 DEBUG VT Prepared sql query being executed : SELECT tabid, fieldname, fieldid, fieldlabel, columnname, tablename, uitype, typeofdata, presence
		FROM vtiger_field WHERE tabid in (?)
2022-07-24T19:54:15+00:00 DEBUG VT Prepared sql query parameters : [29]
2022-07-24T19:54:15+00:00 DEBUG VT Exiting getColumnFields method ...
2022-07-24T19:54:15+00:00 DEBUG user Exiting Users() method ...
2022-07-24T19:54:15+00:00 DEBUG VT Entering getColumnFields(Users) method ...
2022-07-24T19:54:15+00:00 DEBUG VT in getColumnFields Users
2022-07-24T19:54:15+00:00 DEBUG VT Exiting getColumnFields method ...
2022-07-24T19:54:15+00:00 DEBUG VT Prepared sql query being executed : SELECT * FROM vtiger_tab
2022-07-24T19:54:15+00:00 DEBUG VT Prepared sql query being executed : SELECT fieldname,modulename,tablename,entityidfield,entityidcolumn from vtiger_entityname
2022-07-24T19:54:15+00:00 DEBUG VT Entering isPermitted(Calendar,DetailView,) method ...
2022-07-24T19:54:15+00:00 DEBUG VT Entering getActionid(DetailView) method ...
2022-07-24T19:54:15+00:00 INFO  VT get Actionid DetailView
2022-07-24T19:54:15+00:00 INFO  VT action id selected is 4
2022-07-24T19:54:15+00:00 DEBUG VT Exiting getActionid method ...
2022-07-24T19:54:15+00:00 DEBUG VT Exiting isPermitted method ...
2022-07-24T19:54:15+00:00 DEBUG VT Prepared sql query being executed : SELECT reminderid, recordid FROM vtiger_activity_reminder_popup
								INNER JOIN vtiger_activity on vtiger_activity.activityid = vtiger_activity_reminder_popup.recordid
								INNER JOIN vtiger_crmentity ON vtiger_activity_reminder_popup.recordid = vtiger_crmentity.crmid
								WHERE vtiger_activity_reminder_popup.status = 0
								AND vtiger_crmentity.smownerid = ? AND vtiger_crmentity.deleted = 0
								AND ((DATE_FORMAT(vtiger_activity_reminder_popup.date_start,'%Y-%m-%d') <= ?)
								AND (TIME_FORMAT(vtiger_activity_reminder_popup.time_start,'%H:%i') <= ?))
								AND vtiger_activity.eventstatus <> 'Held' AND (vtiger_activity.status <> 'Completed' OR vtiger_activity.status IS NULL) LIMIT 20
2022-07-24T19:54:15+00:00 DEBUG VT Prepared sql query parameters : [1,2022-07-24,19:55]
2022-07-24T19:55:14+00:00 INFO  VT PearDatabase ->ADODB disconnect
2022-07-24T19:55:15+00:00 DEBUG user Entering Users() method ...
2022-07-24T19:55:15+00:00 DEBUG VT Entering getColumnFields(Users) method ...
2022-07-24T19:55:15+00:00 DEBUG VT in getColumnFields Users
2022-07-24T19:55:15+00:00 DEBUG VT Prepared sql query being executed : SELECT tabid, name, ownedby FROM vtiger_tab
2022-07-24T19:55:15+00:00 DEBUG VT Prepared sql query being executed : SELECT tabid, fieldname, fieldid, fieldlabel, columnname, tablename, uitype, typeofdata, presence
		FROM vtiger_field WHERE tabid in (?)
2022-07-24T19:55:15+00:00 DEBUG VT Prepared sql query parameters : [29]
2022-07-24T19:55:15+00:00 DEBUG VT Exiting getColumnFields method ...
2022-07-24T19:55:15+00:00 DEBUG user Exiting Users() method ...
2022-07-24T19:55:15+00:00 DEBUG VT Entering getColumnFields(Users) method ...
2022-07-24T19:55:15+00:00 DEBUG VT in getColumnFields Users
2022-07-24T19:55:15+00:00 DEBUG VT Exiting getColumnFields method ...
2022-07-24T19:55:15+00:00 DEBUG VT Prepared sql query being executed : SELECT * FROM vtiger_tab
2022-07-24T19:55:15+00:00 DEBUG VT Prepared sql query being executed : SELECT fieldname,modulename,tablename,entityidfield,entityidcolumn from vtiger_entityname
2022-07-24T19:55:15+00:00 DEBUG VT Entering isPermitted(Calendar,DetailView,) method ...
2022-07-24T19:55:15+00:00 DEBUG VT Entering getActionid(DetailView) method ...
2022-07-24T19:55:15+00:00 INFO  VT get Actionid DetailView
2022-07-24T19:55:15+00:00 INFO  VT action id selected is 4
2022-07-24T19:55:15+00:00 DEBUG VT Exiting getActionid method ...
2022-07-24T19:55:15+00:00 DEBUG VT Exiting isPermitted method ...
2022-07-24T19:55:15+00:00 DEBUG VT Prepared sql query being executed : SELECT reminderid, recordid FROM vtiger_activity_reminder_popup
								INNER JOIN vtiger_activity on vtiger_activity.activityid = vtiger_activity_reminder_popup.recordid
								INNER JOIN vtiger_crmentity ON vtiger_activity_reminder_popup.recordid = vtiger_crmentity.crmid
								WHERE vtiger_activity_reminder_popup.status = 0
								AND vtiger_crmentity.smownerid = ? AND vtiger_crmentity.deleted = 0
								AND ((DATE_FORMAT(vtiger_activity_reminder_popup.date_start,'%Y-%m-%d') <= ?)
								AND (TIME_FORMAT(vtiger_activity_reminder_popup.time_start,'%H:%i') <= ?))
								AND vtiger_activity.eventstatus <> 'Held' AND (vtiger_activity.status <> 'Completed' OR vtiger_activity.status IS NULL) LIMIT 20
2022-07-24T19:55:15+00:00 DEBUG VT Prepared sql query parameters : [1,2022-07-24,19:56]
2022-07-24T19:56:14+00:00 INFO  VT PearDatabase ->ADODB disconnect
2022-07-24T19:56:15+00:00 DEBUG user Entering Users() method ...
2022-07-24T19:56:15+00:00 DEBUG VT Entering getColumnFields(Users) method ...
2022-07-24T19:56:15+00:00 DEBUG VT in getColumnFields Users
2022-07-24T19:56:15+00:00 DEBUG VT Prepared sql query being executed : SELECT tabid, name, ownedby FROM vtiger_tab
2022-07-24T19:56:15+00:00 DEBUG VT Prepared sql query being executed : SELECT tabid, fieldname, fieldid, fieldlabel, columnname, tablename, uitype, typeofdata, presence
		FROM vtiger_field WHERE tabid in (?)
2022-07-24T19:56:15+00:00 DEBUG VT Prepared sql query parameters : [29]
2022-07-24T19:56:15+00:00 DEBUG VT Exiting getColumnFields method ...
2022-07-24T19:56:15+00:00 DEBUG user Exiting Users() method ...
2022-07-24T19:56:15+00:00 DEBUG VT Entering getColumnFields(Users) method ...
2022-07-24T19:56:15+00:00 DEBUG VT in getColumnFields Users
2022-07-24T19:56:15+00:00 DEBUG VT Exiting getColumnFields method ...
2022-07-24T19:56:15+00:00 DEBUG VT Prepared sql query being executed : SELECT * FROM vtiger_tab
2022-07-24T19:56:15+00:00 DEBUG VT Prepared sql query being executed : SELECT fieldname,modulename,tablename,entityidfield,entityidcolumn from vtiger_entityname
2022-07-24T19:56:15+00:00 DEBUG VT Entering isPermitted(Calendar,DetailView,) method ...
2022-07-24T19:56:15+00:00 DEBUG VT Entering getActionid(DetailView) method ...
2022-07-24T19:56:15+00:00 INFO  VT get Actionid DetailView
2022-07-24T19:56:15+00:00 INFO  VT action id selected is 4
2022-07-24T19:56:15+00:00 DEBUG VT Exiting getActionid method ...
2022-07-24T19:56:15+00:00 DEBUG VT Exiting isPermitted method ...
2022-07-24T19:56:15+00:00 DEBUG VT Prepared sql query being executed : SELECT reminderid, recordid FROM vtiger_activity_reminder_popup
								INNER JOIN vtiger_activity on vtiger_activity.activityid = vtiger_activity_reminder_popup.recordid
								INNER JOIN vtiger_crmentity ON vtiger_activity_reminder_popup.recordid = vtiger_crmentity.crmid
								WHERE vtiger_activity_reminder_popup.status = 0
								AND vtiger_crmentity.smownerid = ? AND vtiger_crmentity.deleted = 0
								AND ((DATE_FORMAT(vtiger_activity_reminder_popup.date_start,'%Y-%m-%d') <= ?)
								AND (TIME_FORMAT(vtiger_activity_reminder_popup.time_start,'%H:%i') <= ?))
								AND vtiger_activity.eventstatus <> 'Held' AND (vtiger_activity.status <> 'Completed' OR vtiger_activity.status IS NULL) LIMIT 20
2022-07-24T19:56:15+00:00 DEBUG VT Prepared sql query parameters : [1,2022-07-24,19:57]
2022-07-24T19:57:14+00:00 INFO  VT PearDatabase ->ADODB disconnect
2022-07-24T19:57:15+00:00 DEBUG user Entering Users() method ...
2022-07-24T19:57:15+00:00 DEBUG VT Entering getColumnFields(Users) method ...
2022-07-24T19:57:15+00:00 DEBUG VT in getColumnFields Users
2022-07-24T19:57:15+00:00 DEBUG VT Prepared sql query being executed : SELECT tabid, name, ownedby FROM vtiger_tab
2022-07-24T19:57:15+00:00 DEBUG VT Prepared sql query being executed : SELECT tabid, fieldname, fieldid, fieldlabel, columnname, tablename, uitype, typeofdata, presence
		FROM vtiger_field WHERE tabid in (?)
2022-07-24T19:57:15+00:00 DEBUG VT Prepared sql query parameters : [29]
2022-07-24T19:57:15+00:00 DEBUG VT Exiting getColumnFields method ...
2022-07-24T19:57:15+00:00 DEBUG user Exiting Users() method ...
2022-07-24T19:57:15+00:00 DEBUG VT Entering getColumnFields(Users) method ...
2022-07-24T19:57:15+00:00 DEBUG VT in getColumnFields Users
2022-07-24T19:57:15+00:00 DEBUG VT Exiting getColumnFields method ...
2022-07-24T19:57:15+00:00 DEBUG VT Prepared sql query being executed : SELECT * FROM vtiger_tab
2022-07-24T19:57:15+00:00 DEBUG VT Prepared sql query being executed : SELECT fieldname,modulename,tablename,entityidfield,entityidcolumn from vtiger_entityname
2022-07-24T19:57:15+00:00 DEBUG VT Entering isPermitted(Calendar,DetailView,) method ...
2022-07-24T19:57:15+00:00 DEBUG VT Entering getActionid(DetailView) method ...
2022-07-24T19:57:15+00:00 INFO  VT get Actionid DetailView
2022-07-24T19:57:15+00:00 INFO  VT action id selected is 4
2022-07-24T19:57:15+00:00 DEBUG VT Exiting getActionid method ...
2022-07-24T19:57:15+00:00 DEBUG VT Exiting isPermitted method ...
2022-07-24T19:57:15+00:00 DEBUG VT Prepared sql query being executed : SELECT reminderid, recordid FROM vtiger_activity_reminder_popup
								INNER JOIN vtiger_activity on vtiger_activity.activityid = vtiger_activity_reminder_popup.recordid
								INNER JOIN vtiger_crmentity ON vtiger_activity_reminder_popup.recordid = vtiger_crmentity.crmid
								WHERE vtiger_activity_reminder_popup.status = 0
								AND vtiger_crmentity.smownerid = ? AND vtiger_crmentity.deleted = 0
								AND ((DATE_FORMAT(vtiger_activity_reminder_popup.date_start,'%Y-%m-%d') <= ?)
								AND (TIME_FORMAT(vtiger_activity_reminder_popup.time_start,'%H:%i') <= ?))
								AND vtiger_activity.eventstatus <> 'Held' AND (vtiger_activity.status <> 'Completed' OR vtiger_activity.status IS NULL) LIMIT 20
2022-07-24T19:57:15+00:00 DEBUG VT Prepared sql query parameters : [1,2022-07-24,19:58]
2022-07-24T19:58:15+00:00 INFO  VT PearDatabase ->ADODB disconnect
2022-07-24T19:58:16+00:00 DEBUG user Entering Users() method ...
2022-07-24T19:58:16+00:00 DEBUG VT Entering getColumnFields(Users) method ...
2022-07-24T19:58:16+00:00 DEBUG VT in getColumnFields Users
2022-07-24T19:58:16+00:00 DEBUG VT Prepared sql query being executed : SELECT tabid, name, ownedby FROM vtiger_tab
2022-07-24T19:58:16+00:00 DEBUG VT Prepared sql query being executed : SELECT tabid, fieldname, fieldid, fieldlabel, columnname, tablename, uitype, typeofdata, presence
		FROM vtiger_field WHERE tabid in (?)
2022-07-24T19:58:16+00:00 DEBUG VT Prepared sql query parameters : [29]
2022-07-24T19:58:16+00:00 DEBUG VT Exiting getColumnFields method ...
2022-07-24T19:58:16+00:00 DEBUG user Exiting Users() method ...
2022-07-24T19:58:16+00:00 DEBUG VT Entering getColumnFields(Users) method ...
2022-07-24T19:58:16+00:00 DEBUG VT in getColumnFields Users
2022-07-24T19:58:16+00:00 DEBUG VT Exiting getColumnFields method ...
2022-07-24T19:58:16+00:00 DEBUG VT Prepared sql query being executed : SELECT * FROM vtiger_tab
2022-07-24T19:58:16+00:00 DEBUG VT Prepared sql query being executed : SELECT fieldname,modulename,tablename,entityidfield,entityidcolumn from vtiger_entityname
2022-07-24T19:58:16+00:00 DEBUG VT Entering isPermitted(Calendar,DetailView,) method ...
2022-07-24T19:58:16+00:00 DEBUG VT Entering getActionid(DetailView) method ...
2022-07-24T19:58:16+00:00 INFO  VT get Actionid DetailView
2022-07-24T19:58:16+00:00 INFO  VT action id selected is 4
2022-07-24T19:58:16+00:00 DEBUG VT Exiting getActionid method ...
2022-07-24T19:58:16+00:00 DEBUG VT Exiting isPermitted method ...
2022-07-24T19:58:16+00:00 DEBUG VT Prepared sql query being executed : SELECT reminderid, recordid FROM vtiger_activity_reminder_popup
								INNER JOIN vtiger_activity on vtiger_activity.activityid = vtiger_activity_reminder_popup.recordid
								INNER JOIN vtiger_crmentity ON vtiger_activity_reminder_popup.recordid = vtiger_crmentity.crmid
								WHERE vtiger_activity_reminder_popup.status = 0
								AND vtiger_crmentity.smownerid = ? AND vtiger_crmentity.deleted = 0
								AND ((DATE_FORMAT(vtiger_activity_reminder_popup.date_start,'%Y-%m-%d') <= ?)
								AND (TIME_FORMAT(vtiger_activity_reminder_popup.time_start,'%H:%i') <= ?))
								AND vtiger_activity.eventstatus <> 'Held' AND (vtiger_activity.status <> 'Completed' OR vtiger_activity.status IS NULL) LIMIT 20
2022-07-24T19:58:16+00:00 DEBUG VT Prepared sql query parameters : [1,2022-07-24,19:59]
2022-07-24T19:59:15+00:00 INFO  VT PearDatabase ->ADODB disconnect
2022-07-24T19:59:16+00:00 DEBUG user Entering Users() method ...
2022-07-24T19:59:16+00:00 DEBUG VT Entering getColumnFields(Users) method ...
2022-07-24T19:59:16+00:00 DEBUG VT in getColumnFields Users
2022-07-24T19:59:16+00:00 DEBUG VT Prepared sql query being executed : SELECT tabid, name, ownedby FROM vtiger_tab
2022-07-24T19:59:16+00:00 DEBUG VT Prepared sql query being executed : SELECT tabid, fieldname, fieldid, fieldlabel, columnname, tablename, uitype, typeofdata, presence
		FROM vtiger_field WHERE tabid in (?)
2022-07-24T19:59:16+00:00 DEBUG VT Prepared sql query parameters : [29]
2022-07-24T19:59:16+00:00 DEBUG VT Exiting getColumnFields method ...
2022-07-24T19:59:16+00:00 DEBUG user Exiting Users() method ...
2022-07-24T19:59:16+00:00 DEBUG VT Entering getColumnFields(Users) method ...
2022-07-24T19:59:16+00:00 DEBUG VT in getColumnFields Users
2022-07-24T19:59:16+00:00 DEBUG VT Exiting getColumnFields method ...
2022-07-24T19:59:16+00:00 DEBUG VT Prepared sql query being executed : SELECT * FROM vtiger_tab
2022-07-24T19:59:16+00:00 DEBUG VT Prepared sql query being executed : SELECT fieldname,modulename,tablename,entityidfield,entityidcolumn from vtiger_entityname
2022-07-24T19:59:16+00:00 DEBUG VT Entering isPermitted(Calendar,DetailView,) method ...
2022-07-24T19:59:16+00:00 DEBUG VT Entering getActionid(DetailView) method ...
2022-07-24T19:59:16+00:00 INFO  VT get Actionid DetailView
2022-07-24T19:59:16+00:00 INFO  VT action id selected is 4
2022-07-24T19:59:16+00:00 DEBUG VT Exiting getActionid method ...
2022-07-24T19:59:16+00:00 DEBUG VT Exiting isPermitted method ...
2022-07-24T19:59:16+00:00 DEBUG VT Prepared sql query being executed : SELECT reminderid, recordid FROM vtiger_activity_reminder_popup
								INNER JOIN vtiger_activity on vtiger_activity.activityid = vtiger_activity_reminder_popup.recordid
								INNER JOIN vtiger_crmentity ON vtiger_activity_reminder_popup.recordid = vtiger_crmentity.crmid
								WHERE vtiger_activity_reminder_popup.status = 0
								AND vtiger_crmentity.smownerid = ? AND vtiger_crmentity.deleted = 0
								AND ((DATE_FORMAT(vtiger_activity_reminder_popup.date_start,'%Y-%m-%d') <= ?)
								AND (TIME_FORMAT(vtiger_activity_reminder_popup.time_start,'%H:%i') <= ?))
								AND vtiger_activity.eventstatus <> 'Held' AND (vtiger_activity.status <> 'Completed' OR vtiger_activity.status IS NULL) LIMIT 20
2022-07-24T19:59:16+00:00 DEBUG VT Prepared sql query parameters : [1,2022-07-24,20:00]
2022-07-24T20:01:13+00:00 INFO  VT PearDatabase ->ADODB disconnect
2022-07-24T20:01:14+00:00 DEBUG user Entering Users() method ...
2022-07-24T20:01:14+00:00 DEBUG VT Entering getColumnFields(Users) method ...
2022-07-24T20:01:14+00:00 DEBUG VT in getColumnFields Users
2022-07-24T20:01:14+00:00 DEBUG VT Prepared sql query being executed : SELECT tabid, name, ownedby FROM vtiger_tab
2022-07-24T20:01:14+00:00 DEBUG VT Prepared sql query being executed : SELECT tabid, fieldname, fieldid, fieldlabel, columnname, tablename, uitype, typeofdata, presence
		FROM vtiger_field WHERE tabid in (?)
2022-07-24T20:01:14+00:00 DEBUG VT Prepared sql query parameters : [29]
2022-07-24T20:01:14+00:00 DEBUG VT Exiting getColumnFields method ...
2022-07-24T20:01:14+00:00 DEBUG user Exiting Users() method ...
2022-07-24T20:01:14+00:00 DEBUG VT Entering getColumnFields(Users) method ...
2022-07-24T20:01:14+00:00 DEBUG VT in getColumnFields Users
2022-07-24T20:01:14+00:00 DEBUG VT Exiting getColumnFields method ...
2022-07-24T20:01:14+00:00 DEBUG VT Prepared sql query being executed : SELECT * FROM vtiger_tab
2022-07-24T20:01:14+00:00 DEBUG VT Prepared sql query being executed : SELECT fieldname,modulename,tablename,entityidfield,entityidcolumn from vtiger_entityname
2022-07-24T20:01:14+00:00 DEBUG VT Entering isPermitted(Calendar,DetailView,) method ...
2022-07-24T20:01:14+00:00 DEBUG VT Entering getActionid(DetailView) method ...
2022-07-24T20:01:14+00:00 INFO  VT get Actionid DetailView
2022-07-24T20:01:14+00:00 INFO  VT action id selected is 4
2022-07-24T20:01:14+00:00 DEBUG VT Exiting getActionid method ...
2022-07-24T20:01:14+00:00 DEBUG VT Exiting isPermitted method ...
2022-07-24T20:01:14+00:00 DEBUG VT Prepared sql query being executed : SELECT reminderid, recordid FROM vtiger_activity_reminder_popup
								INNER JOIN vtiger_activity on vtiger_activity.activityid = vtiger_activity_reminder_popup.recordid
								INNER JOIN vtiger_crmentity ON vtiger_activity_reminder_popup.recordid = vtiger_crmentity.crmid
								WHERE vtiger_activity_reminder_popup.status = 0
								AND vtiger_crmentity.smownerid = ? AND vtiger_crmentity.deleted = 0
								AND ((DATE_FORMAT(vtiger_activity_reminder_popup.date_start,'%Y-%m-%d') <= ?)
								AND (TIME_FORMAT(vtiger_activity_reminder_popup.time_start,'%H:%i') <= ?))
								AND vtiger_activity.eventstatus <> 'Held' AND (vtiger_activity.status <> 'Completed' OR vtiger_activity.status IS NULL) LIMIT 20
2022-07-24T20:01:14+00:00 DEBUG VT Prepared sql query parameters : [1,2022-07-24,20:02]
2022-07-24T20:02:17+00:00 INFO  VT PearDatabase ->ADODB disconnect
2022-07-24T20:02:17+00:00 DEBUG user Entering Users() method ...
2022-07-24T20:02:17+00:00 DEBUG VT Entering getColumnFields(Users) method ...
2022-07-24T20:02:17+00:00 DEBUG VT in getColumnFields Users
2022-07-24T20:02:17+00:00 DEBUG VT Prepared sql query being executed : SELECT tabid, name, ownedby FROM vtiger_tab
2022-07-24T20:02:17+00:00 DEBUG VT Prepared sql query being executed : SELECT tabid, fieldname, fieldid, fieldlabel, columnname, tablename, uitype, typeofdata, presence
		FROM vtiger_field WHERE tabid in (?)
2022-07-24T20:02:17+00:00 DEBUG VT Prepared sql query parameters : [29]
2022-07-24T20:02:17+00:00 DEBUG VT Exiting getColumnFields method ...
2022-07-24T20:02:17+00:00 DEBUG user Exiting Users() method ...
2022-07-24T20:02:17+00:00 DEBUG VT Entering getColumnFields(Users) method ...
2022-07-24T20:02:17+00:00 DEBUG VT in getColumnFields Users
2022-07-24T20:02:17+00:00 DEBUG VT Exiting getColumnFields method ...
2022-07-24T20:02:17+00:00 DEBUG VT Prepared sql query being executed : SELECT * FROM vtiger_tab
2022-07-24T20:02:17+00:00 DEBUG VT Prepared sql query being executed : SELECT fieldname,modulename,tablename,entityidfield,entityidcolumn from vtiger_entityname
2022-07-24T20:02:17+00:00 DEBUG VT Entering isPermitted(Calendar,DetailView,) method ...
2022-07-24T20:02:17+00:00 DEBUG VT Entering getActionid(DetailView) method ...
2022-07-24T20:02:17+00:00 INFO  VT get Actionid DetailView
2022-07-24T20:02:17+00:00 INFO  VT action id selected is 4
2022-07-24T20:02:17+00:00 DEBUG VT Exiting getActionid method ...
2022-07-24T20:02:17+00:00 DEBUG VT Exiting isPermitted method ...
2022-07-24T20:02:17+00:00 DEBUG VT Prepared sql query being executed : SELECT reminderid, recordid FROM vtiger_activity_reminder_popup
								INNER JOIN vtiger_activity on vtiger_activity.activityid = vtiger_activity_reminder_popup.recordid
								INNER JOIN vtiger_crmentity ON vtiger_activity_reminder_popup.recordid = vtiger_crmentity.crmid
								WHERE vtiger_activity_reminder_popup.status = 0
								AND vtiger_crmentity.smownerid = ? AND vtiger_crmentity.deleted = 0
								AND ((DATE_FORMAT(vtiger_activity_reminder_popup.date_start,'%Y-%m-%d') <= ?)
								AND (TIME_FORMAT(vtiger_activity_reminder_popup.time_start,'%H:%i') <= ?))
								AND vtiger_activity.eventstatus <> 'Held' AND (vtiger_activity.status <> 'Completed' OR vtiger_activity.status IS NULL) LIMIT 20
2022-07-24T20:02:17+00:00 DEBUG VT Prepared sql query parameters : [1,2022-07-24,20:03]
2022-07-24T20:03:17+00:00 INFO  VT PearDatabase ->ADODB disconnect
2022-07-24T20:03:18+00:00 DEBUG user Entering Users() method ...
2022-07-24T20:03:18+00:00 DEBUG VT Entering getColumnFields(Users) method ...
2022-07-24T20:03:18+00:00 DEBUG VT in getColumnFields Users
2022-07-24T20:03:18+00:00 DEBUG VT Prepared sql query being executed : SELECT tabid, name, ownedby FROM vtiger_tab
2022-07-24T20:03:18+00:00 DEBUG VT Prepared sql query being executed : SELECT tabid, fieldname, fieldid, fieldlabel, columnname, tablename, uitype, typeofdata, presence
		FROM vtiger_field WHERE tabid in (?)
2022-07-24T20:03:18+00:00 DEBUG VT Prepared sql query parameters : [29]
2022-07-24T20:03:18+00:00 DEBUG VT Exiting getColumnFields method ...
2022-07-24T20:03:18+00:00 DEBUG user Exiting Users() method ...
2022-07-24T20:03:18+00:00 DEBUG VT Entering getColumnFields(Users) method ...
2022-07-24T20:03:18+00:00 DEBUG VT in getColumnFields Users
2022-07-24T20:03:18+00:00 DEBUG VT Exiting getColumnFields method ...
2022-07-24T20:03:18+00:00 DEBUG VT Prepared sql query being executed : SELECT * FROM vtiger_tab
2022-07-24T20:03:18+00:00 DEBUG VT Prepared sql query being executed : SELECT fieldname,modulename,tablename,entityidfield,entityidcolumn from vtiger_entityname
2022-07-24T20:03:18+00:00 DEBUG VT Entering isPermitted(Calendar,DetailView,) method ...
2022-07-24T20:03:18+00:00 DEBUG VT Entering getActionid(DetailView) method ...
2022-07-24T20:03:18+00:00 INFO  VT get Actionid DetailView
2022-07-24T20:03:18+00:00 INFO  VT action id selected is 4
2022-07-24T20:03:18+00:00 DEBUG VT Exiting getActionid method ...
2022-07-24T20:03:18+00:00 DEBUG VT Exiting isPermitted method ...
2022-07-24T20:03:18+00:00 DEBUG VT Prepared sql query being executed : SELECT reminderid, recordid FROM vtiger_activity_reminder_popup
								INNER JOIN vtiger_activity on vtiger_activity.activityid = vtiger_activity_reminder_popup.recordid
								INNER JOIN vtiger_crmentity ON vtiger_activity_reminder_popup.recordid = vtiger_crmentity.crmid
								WHERE vtiger_activity_reminder_popup.status = 0
								AND vtiger_crmentity.smownerid = ? AND vtiger_crmentity.deleted = 0
								AND ((DATE_FORMAT(vtiger_activity_reminder_popup.date_start,'%Y-%m-%d') <= ?)
								AND (TIME_FORMAT(vtiger_activity_reminder_popup.time_start,'%H:%i') <= ?))
								AND vtiger_activity.eventstatus <> 'Held' AND (vtiger_activity.status <> 'Completed' OR vtiger_activity.status IS NULL) LIMIT 20
2022-07-24T20:03:18+00:00 DEBUG VT Prepared sql query parameters : [1,2022-07-24,20:04]
2022-07-24T20:04:17+00:00 INFO  VT PearDatabase ->ADODB disconnect
2022-07-24T20:04:18+00:00 DEBUG user Entering Users() method ...
2022-07-24T20:04:18+00:00 DEBUG VT Entering getColumnFields(Users) method ...
2022-07-24T20:04:18+00:00 DEBUG VT in getColumnFields Users
2022-07-24T20:04:18+00:00 DEBUG VT Prepared sql query being executed : SELECT tabid, name, ownedby FROM vtiger_tab
2022-07-24T20:04:18+00:00 DEBUG VT Prepared sql query being executed : SELECT tabid, fieldname, fieldid, fieldlabel, columnname, tablename, uitype, typeofdata, presence
		FROM vtiger_field WHERE tabid in (?)
2022-07-24T20:04:18+00:00 DEBUG VT Prepared sql query parameters : [29]
2022-07-24T20:04:18+00:00 DEBUG VT Exiting getColumnFields method ...
2022-07-24T20:04:18+00:00 DEBUG user Exiting Users() method ...
2022-07-24T20:04:18+00:00 DEBUG VT Entering getColumnFields(Users) method ...
2022-07-24T20:04:18+00:00 DEBUG VT in getColumnFields Users
2022-07-24T20:04:18+00:00 DEBUG VT Exiting getColumnFields method ...
2022-07-24T20:04:18+00:00 DEBUG VT Prepared sql query being executed : SELECT * FROM vtiger_tab
2022-07-24T20:04:18+00:00 DEBUG VT Prepared sql query being executed : SELECT fieldname,modulename,tablename,entityidfield,entityidcolumn from vtiger_entityname
2022-07-24T20:04:18+00:00 DEBUG VT Entering isPermitted(Calendar,DetailView,) method ...
2022-07-24T20:04:18+00:00 DEBUG VT Entering getActionid(DetailView) method ...
2022-07-24T20:04:18+00:00 INFO  VT get Actionid DetailView
2022-07-24T20:04:18+00:00 INFO  VT action id selected is 4
2022-07-24T20:04:18+00:00 DEBUG VT Exiting getActionid method ...
2022-07-24T20:04:18+00:00 DEBUG VT Exiting isPermitted method ...
2022-07-24T20:04:18+00:00 DEBUG VT Prepared sql query being executed : SELECT reminderid, recordid FROM vtiger_activity_reminder_popup
								INNER JOIN vtiger_activity on vtiger_activity.activityid = vtiger_activity_reminder_popup.recordid
								INNER JOIN vtiger_crmentity ON vtiger_activity_reminder_popup.recordid = vtiger_crmentity.crmid
								WHERE vtiger_activity_reminder_popup.status = 0
								AND vtiger_crmentity.smownerid = ? AND vtiger_crmentity.deleted = 0
								AND ((DATE_FORMAT(vtiger_activity_reminder_popup.date_start,'%Y-%m-%d') <= ?)
								AND (TIME_FORMAT(vtiger_activity_reminder_popup.time_start,'%H:%i') <= ?))
								AND vtiger_activity.eventstatus <> 'Held' AND (vtiger_activity.status <> 'Completed' OR vtiger_activity.status IS NULL) LIMIT 20
2022-07-24T20:04:18+00:00 DEBUG VT Prepared sql query parameters : [1,2022-07-24,20:05]
2022-07-24T20:05:17+00:00 INFO  VT PearDatabase ->ADODB disconnect
2022-07-24T20:05:18+00:00 DEBUG user Entering Users() method ...
2022-07-24T20:05:18+00:00 DEBUG VT Entering getColumnFields(Users) method ...
2022-07-24T20:05:18+00:00 DEBUG VT in getColumnFields Users
2022-07-24T20:05:18+00:00 DEBUG VT Prepared sql query being executed : SELECT tabid, name, ownedby FROM vtiger_tab
2022-07-24T20:05:18+00:00 DEBUG VT Prepared sql query being executed : SELECT tabid, fieldname, fieldid, fieldlabel, columnname, tablename, uitype, typeofdata, presence
		FROM vtiger_field WHERE tabid in (?)
2022-07-24T20:05:18+00:00 DEBUG VT Prepared sql query parameters : [29]
2022-07-24T20:05:18+00:00 DEBUG VT Exiting getColumnFields method ...
2022-07-24T20:05:18+00:00 DEBUG user Exiting Users() method ...
2022-07-24T20:05:18+00:00 DEBUG VT Entering getColumnFields(Users) method ...
2022-07-24T20:05:18+00:00 DEBUG VT in getColumnFields Users
2022-07-24T20:05:18+00:00 DEBUG VT Exiting getColumnFields method ...
2022-07-24T20:05:18+00:00 DEBUG VT Prepared sql query being executed : SELECT * FROM vtiger_tab
2022-07-24T20:05:18+00:00 DEBUG VT Prepared sql query being executed : SELECT fieldname,modulename,tablename,entityidfield,entityidcolumn from vtiger_entityname
2022-07-24T20:05:18+00:00 DEBUG VT Entering isPermitted(Calendar,DetailView,) method ...
2022-07-24T20:05:18+00:00 DEBUG VT Entering getActionid(DetailView) method ...
2022-07-24T20:05:18+00:00 INFO  VT get Actionid DetailView
2022-07-24T20:05:18+00:00 INFO  VT action id selected is 4
2022-07-24T20:05:18+00:00 DEBUG VT Exiting getActionid method ...
2022-07-24T20:05:18+00:00 DEBUG VT Exiting isPermitted method ...
2022-07-24T20:05:18+00:00 DEBUG VT Prepared sql query being executed : SELECT reminderid, recordid FROM vtiger_activity_reminder_popup
								INNER JOIN vtiger_activity on vtiger_activity.activityid = vtiger_activity_reminder_popup.recordid
								INNER JOIN vtiger_crmentity ON vtiger_activity_reminder_popup.recordid = vtiger_crmentity.crmid
								WHERE vtiger_activity_reminder_popup.status = 0
								AND vtiger_crmentity.smownerid = ? AND vtiger_crmentity.deleted = 0
								AND ((DATE_FORMAT(vtiger_activity_reminder_popup.date_start,'%Y-%m-%d') <= ?)
								AND (TIME_FORMAT(vtiger_activity_reminder_popup.time_start,'%H:%i') <= ?))
								AND vtiger_activity.eventstatus <> 'Held' AND (vtiger_activity.status <> 'Completed' OR vtiger_activity.status IS NULL) LIMIT 20
2022-07-24T20:05:18+00:00 DEBUG VT Prepared sql query parameters : [1,2022-07-24,20:06]
2022-07-24T20:06:18+00:00 INFO  VT PearDatabase ->ADODB disconnect
2022-07-24T20:06:19+00:00 DEBUG user Entering Users() method ...
2022-07-24T20:06:19+00:00 DEBUG VT Entering getColumnFields(Users) method ...
2022-07-24T20:06:19+00:00 DEBUG VT in getColumnFields Users
2022-07-24T20:06:19+00:00 DEBUG VT Prepared sql query being executed : SELECT tabid, name, ownedby FROM vtiger_tab
2022-07-24T20:06:19+00:00 DEBUG VT Prepared sql query being executed : SELECT tabid, fieldname, fieldid, fieldlabel, columnname, tablename, uitype, typeofdata, presence
		FROM vtiger_field WHERE tabid in (?)
2022-07-24T20:06:19+00:00 DEBUG VT Prepared sql query parameters : [29]
2022-07-24T20:06:19+00:00 DEBUG VT Exiting getColumnFields method ...
2022-07-24T20:06:19+00:00 DEBUG user Exiting Users() method ...
2022-07-24T20:06:19+00:00 DEBUG VT Entering getColumnFields(Users) method ...
2022-07-24T20:06:19+00:00 DEBUG VT in getColumnFields Users
2022-07-24T20:06:19+00:00 DEBUG VT Exiting getColumnFields method ...
2022-07-24T20:06:19+00:00 DEBUG VT Prepared sql query being executed : SELECT * FROM vtiger_tab
2022-07-24T20:06:19+00:00 DEBUG VT Prepared sql query being executed : SELECT fieldname,modulename,tablename,entityidfield,entityidcolumn from vtiger_entityname
2022-07-24T20:06:19+00:00 DEBUG VT Entering isPermitted(Calendar,DetailView,) method ...
2022-07-24T20:06:19+00:00 DEBUG VT Entering getActionid(DetailView) method ...
2022-07-24T20:06:19+00:00 INFO  VT get Actionid DetailView
2022-07-24T20:06:19+00:00 INFO  VT action id selected is 4
2022-07-24T20:06:19+00:00 DEBUG VT Exiting getActionid method ...
2022-07-24T20:06:19+00:00 DEBUG VT Exiting isPermitted method ...
2022-07-24T20:06:19+00:00 DEBUG VT Prepared sql query being executed : SELECT reminderid, recordid FROM vtiger_activity_reminder_popup
								INNER JOIN vtiger_activity on vtiger_activity.activityid = vtiger_activity_reminder_popup.recordid
								INNER JOIN vtiger_crmentity ON vtiger_activity_reminder_popup.recordid = vtiger_crmentity.crmid
								WHERE vtiger_activity_reminder_popup.status = 0
								AND vtiger_crmentity.smownerid = ? AND vtiger_crmentity.deleted = 0
								AND ((DATE_FORMAT(vtiger_activity_reminder_popup.date_start,'%Y-%m-%d') <= ?)
								AND (TIME_FORMAT(vtiger_activity_reminder_popup.time_start,'%H:%i') <= ?))
								AND vtiger_activity.eventstatus <> 'Held' AND (vtiger_activity.status <> 'Completed' OR vtiger_activity.status IS NULL) LIMIT 20
2022-07-24T20:06:19+00:00 DEBUG VT Prepared sql query parameters : [1,2022-07-24,20:07]
2022-07-24T20:08:13+00:00 INFO  VT PearDatabase ->ADODB disconnect
2022-07-24T20:08:14+00:00 DEBUG user Entering Users() method ...
2022-07-24T20:08:14+00:00 DEBUG VT Entering getColumnFields(Users) method ...
2022-07-24T20:08:14+00:00 DEBUG VT in getColumnFields Users
2022-07-24T20:08:14+00:00 DEBUG VT Prepared sql query being executed : SELECT tabid, name, ownedby FROM vtiger_tab
2022-07-24T20:08:14+00:00 DEBUG VT Prepared sql query being executed : SELECT tabid, fieldname, fieldid, fieldlabel, columnname, tablename, uitype, typeofdata, presence
		FROM vtiger_field WHERE tabid in (?)
2022-07-24T20:08:14+00:00 DEBUG VT Prepared sql query parameters : [29]
2022-07-24T20:08:14+00:00 DEBUG VT Exiting getColumnFields method ...
2022-07-24T20:08:14+00:00 DEBUG user Exiting Users() method ...
2022-07-24T20:08:14+00:00 DEBUG VT Entering getColumnFields(Users) method ...
2022-07-24T20:08:14+00:00 DEBUG VT in getColumnFields Users
2022-07-24T20:08:14+00:00 DEBUG VT Exiting getColumnFields method ...
2022-07-24T20:08:14+00:00 DEBUG VT Prepared sql query being executed : SELECT * FROM vtiger_tab
2022-07-24T20:08:14+00:00 DEBUG VT Prepared sql query being executed : SELECT fieldname,modulename,tablename,entityidfield,entityidcolumn from vtiger_entityname
2022-07-24T20:08:14+00:00 DEBUG VT Entering isPermitted(Calendar,DetailView,) method ...
2022-07-24T20:08:14+00:00 DEBUG VT Entering getActionid(DetailView) method ...
2022-07-24T20:08:14+00:00 INFO  VT get Actionid DetailView
2022-07-24T20:08:14+00:00 INFO  VT action id selected is 4
2022-07-24T20:08:14+00:00 DEBUG VT Exiting getActionid method ...
2022-07-24T20:08:14+00:00 DEBUG VT Exiting isPermitted method ...
2022-07-24T20:08:14+00:00 DEBUG VT Prepared sql query being executed : SELECT reminderid, recordid FROM vtiger_activity_reminder_popup
								INNER JOIN vtiger_activity on vtiger_activity.activityid = vtiger_activity_reminder_popup.recordid
								INNER JOIN vtiger_crmentity ON vtiger_activity_reminder_popup.recordid = vtiger_crmentity.crmid
								WHERE vtiger_activity_reminder_popup.status = 0
								AND vtiger_crmentity.smownerid = ? AND vtiger_crmentity.deleted = 0
								AND ((DATE_FORMAT(vtiger_activity_reminder_popup.date_start,'%Y-%m-%d') <= ?)
								AND (TIME_FORMAT(vtiger_activity_reminder_popup.time_start,'%H:%i') <= ?))
								AND vtiger_activity.eventstatus <> 'Held' AND (vtiger_activity.status <> 'Completed' OR vtiger_activity.status IS NULL) LIMIT 20
2022-07-24T20:08:14+00:00 DEBUG VT Prepared sql query parameters : [1,2022-07-24,20:09]
2022-07-24T20:10:13+00:00 INFO  VT PearDatabase ->ADODB disconnect
2022-07-24T20:10:14+00:00 DEBUG user Entering Users() method ...
2022-07-24T20:10:14+00:00 DEBUG VT Entering getColumnFields(Users) method ...
2022-07-24T20:10:14+00:00 DEBUG VT in getColumnFields Users
2022-07-24T20:10:14+00:00 DEBUG VT Prepared sql query being executed : SELECT tabid, name, ownedby FROM vtiger_tab
2022-07-24T20:10:14+00:00 DEBUG VT Prepared sql query being executed : SELECT tabid, fieldname, fieldid, fieldlabel, columnname, tablename, uitype, typeofdata, presence
		FROM vtiger_field WHERE tabid in (?)
2022-07-24T20:10:14+00:00 DEBUG VT Prepared sql query parameters : [29]
2022-07-24T20:10:14+00:00 DEBUG VT Exiting getColumnFields method ...
2022-07-24T20:10:14+00:00 DEBUG user Exiting Users() method ...
2022-07-24T20:10:14+00:00 DEBUG VT Entering getColumnFields(Users) method ...
2022-07-24T20:10:14+00:00 DEBUG VT in getColumnFields Users
2022-07-24T20:10:14+00:00 DEBUG VT Exiting getColumnFields method ...
2022-07-24T20:10:14+00:00 DEBUG VT Prepared sql query being executed : SELECT * FROM vtiger_tab
2022-07-24T20:10:14+00:00 DEBUG VT Prepared sql query being executed : SELECT fieldname,modulename,tablename,entityidfield,entityidcolumn from vtiger_entityname
2022-07-24T20:10:14+00:00 DEBUG VT Entering isPermitted(Calendar,DetailView,) method ...
2022-07-24T20:10:14+00:00 DEBUG VT Entering getActionid(DetailView) method ...
2022-07-24T20:10:14+00:00 INFO  VT get Actionid DetailView
2022-07-24T20:10:14+00:00 INFO  VT action id selected is 4
2022-07-24T20:10:14+00:00 DEBUG VT Exiting getActionid method ...
2022-07-24T20:10:14+00:00 DEBUG VT Exiting isPermitted method ...
2022-07-24T20:10:14+00:00 DEBUG VT Prepared sql query being executed : SELECT reminderid, recordid FROM vtiger_activity_reminder_popup
								INNER JOIN vtiger_activity on vtiger_activity.activityid = vtiger_activity_reminder_popup.recordid
								INNER JOIN vtiger_crmentity ON vtiger_activity_reminder_popup.recordid = vtiger_crmentity.crmid
								WHERE vtiger_activity_reminder_popup.status = 0
								AND vtiger_crmentity.smownerid = ? AND vtiger_crmentity.deleted = 0
								AND ((DATE_FORMAT(vtiger_activity_reminder_popup.date_start,'%Y-%m-%d') <= ?)
								AND (TIME_FORMAT(vtiger_activity_reminder_popup.time_start,'%H:%i') <= ?))
								AND vtiger_activity.eventstatus <> 'Held' AND (vtiger_activity.status <> 'Completed' OR vtiger_activity.status IS NULL) LIMIT 20
2022-07-24T20:10:14+00:00 DEBUG VT Prepared sql query parameters : [1,2022-07-24,20:11]
2022-07-24T20:11:13+00:00 INFO  VT PearDatabase ->ADODB disconnect
2022-07-24T20:11:14+00:00 DEBUG user Entering Users() method ...
2022-07-24T20:11:14+00:00 DEBUG VT Entering getColumnFields(Users) method ...
2022-07-24T20:11:14+00:00 DEBUG VT in getColumnFields Users
2022-07-24T20:11:14+00:00 DEBUG VT Prepared sql query being executed : SELECT tabid, name, ownedby FROM vtiger_tab
2022-07-24T20:11:14+00:00 DEBUG VT Prepared sql query being executed : SELECT tabid, fieldname, fieldid, fieldlabel, columnname, tablename, uitype, typeofdata, presence
		FROM vtiger_field WHERE tabid in (?)
2022-07-24T20:11:14+00:00 DEBUG VT Prepared sql query parameters : [29]
2022-07-24T20:11:14+00:00 DEBUG VT Exiting getColumnFields method ...
2022-07-24T20:11:14+00:00 DEBUG user Exiting Users() method ...
2022-07-24T20:11:14+00:00 DEBUG VT Entering getColumnFields(Users) method ...
2022-07-24T20:11:14+00:00 DEBUG VT in getColumnFields Users
2022-07-24T20:11:14+00:00 DEBUG VT Exiting getColumnFields method ...
2022-07-24T20:11:14+00:00 DEBUG VT Prepared sql query being executed : SELECT * FROM vtiger_tab
2022-07-24T20:11:14+00:00 DEBUG VT Prepared sql query being executed : SELECT fieldname,modulename,tablename,entityidfield,entityidcolumn from vtiger_entityname
2022-07-24T20:11:14+00:00 DEBUG VT Entering isPermitted(Calendar,DetailView,) method ...
2022-07-24T20:11:14+00:00 DEBUG VT Entering getActionid(DetailView) method ...
2022-07-24T20:11:14+00:00 INFO  VT get Actionid DetailView
2022-07-24T20:11:14+00:00 INFO  VT action id selected is 4
2022-07-24T20:11:14+00:00 DEBUG VT Exiting getActionid method ...
2022-07-24T20:11:14+00:00 DEBUG VT Exiting isPermitted method ...
2022-07-24T20:11:14+00:00 DEBUG VT Prepared sql query being executed : SELECT reminderid, recordid FROM vtiger_activity_reminder_popup
								INNER JOIN vtiger_activity on vtiger_activity.activityid = vtiger_activity_reminder_popup.recordid
								INNER JOIN vtiger_crmentity ON vtiger_activity_reminder_popup.recordid = vtiger_crmentity.crmid
								WHERE vtiger_activity_reminder_popup.status = 0
								AND vtiger_crmentity.smownerid = ? AND vtiger_crmentity.deleted = 0
								AND ((DATE_FORMAT(vtiger_activity_reminder_popup.date_start,'%Y-%m-%d') <= ?)
								AND (TIME_FORMAT(vtiger_activity_reminder_popup.time_start,'%H:%i') <= ?))
								AND vtiger_activity.eventstatus <> 'Held' AND (vtiger_activity.status <> 'Completed' OR vtiger_activity.status IS NULL) LIMIT 20
2022-07-24T20:11:14+00:00 DEBUG VT Prepared sql query parameters : [1,2022-07-24,20:12]
2022-07-24T20:13:13+00:00 INFO  VT PearDatabase ->ADODB disconnect
2022-07-24T20:13:14+00:00 DEBUG user Entering Users() method ...
2022-07-24T20:13:14+00:00 DEBUG VT Entering getColumnFields(Users) method ...
2022-07-24T20:13:14+00:00 DEBUG VT in getColumnFields Users
2022-07-24T20:13:14+00:00 DEBUG VT Prepared sql query being executed : SELECT tabid, name, ownedby FROM vtiger_tab
2022-07-24T20:13:14+00:00 DEBUG VT Prepared sql query being executed : SELECT tabid, fieldname, fieldid, fieldlabel, columnname, tablename, uitype, typeofdata, presence
		FROM vtiger_field WHERE tabid in (?)
2022-07-24T20:13:14+00:00 DEBUG VT Prepared sql query parameters : [29]
2022-07-24T20:13:14+00:00 DEBUG VT Exiting getColumnFields method ...
2022-07-24T20:13:14+00:00 DEBUG user Exiting Users() method ...
2022-07-24T20:13:14+00:00 DEBUG VT Entering getColumnFields(Users) method ...
2022-07-24T20:13:14+00:00 DEBUG VT in getColumnFields Users
2022-07-24T20:13:14+00:00 DEBUG VT Exiting getColumnFields method ...
2022-07-24T20:13:14+00:00 DEBUG VT Prepared sql query being executed : SELECT * FROM vtiger_tab
2022-07-24T20:13:14+00:00 DEBUG VT Prepared sql query being executed : SELECT fieldname,modulename,tablename,entityidfield,entityidcolumn from vtiger_entityname
2022-07-24T20:13:14+00:00 DEBUG VT Entering isPermitted(Calendar,DetailView,) method ...
2022-07-24T20:13:14+00:00 DEBUG VT Entering getActionid(DetailView) method ...
2022-07-24T20:13:14+00:00 INFO  VT get Actionid DetailView
2022-07-24T20:13:14+00:00 INFO  VT action id selected is 4
2022-07-24T20:13:14+00:00 DEBUG VT Exiting getActionid method ...
2022-07-24T20:13:14+00:00 DEBUG VT Exiting isPermitted method ...
2022-07-24T20:13:14+00:00 DEBUG VT Prepared sql query being executed : SELECT reminderid, recordid FROM vtiger_activity_reminder_popup
								INNER JOIN vtiger_activity on vtiger_activity.activityid = vtiger_activity_reminder_popup.recordid
								INNER JOIN vtiger_crmentity ON vtiger_activity_reminder_popup.recordid = vtiger_crmentity.crmid
								WHERE vtiger_activity_reminder_popup.status = 0
								AND vtiger_crmentity.smownerid = ? AND vtiger_crmentity.deleted = 0
								AND ((DATE_FORMAT(vtiger_activity_reminder_popup.date_start,'%Y-%m-%d') <= ?)
								AND (TIME_FORMAT(vtiger_activity_reminder_popup.time_start,'%H:%i') <= ?))
								AND vtiger_activity.eventstatus <> 'Held' AND (vtiger_activity.status <> 'Completed' OR vtiger_activity.status IS NULL) LIMIT 20
2022-07-24T20:13:14+00:00 DEBUG VT Prepared sql query parameters : [1,2022-07-24,20:14]
